#
# There is insufficient memory for the Java Runtime Environment to continue.
# Native memory allocation (malloc) failed to allocate 1048576 bytes for AllocateHeap
# Possible reasons:
#   The system is out of physical RAM or swap space
#   In 32 bit mode, the process size limit was hit
# Possible solutions:
#   Reduce memory load on the system
#   Increase physical memory or swap space
#   Check if swap backing store is full
#   Use 64 bit Java on a 64 bit OS
#   Decrease Java heap size (-Xmx/-Xms)
#   Decrease number of Java threads
#   Decrease Java thread stack sizes (-Xss)
#   Set larger code cache with -XX:ReservedCodeCacheSize=
# This output file may be truncated or incomplete.
#
#  Out of Memory Error (memory/allocation.inline.hpp:61), pid=4380, tid=0x0000000000003260
#
# JRE version:  (8.0_111-b14) (build )
# Java VM: Java HotSpot(TM) 64-Bit Server VM (25.111-b14 mixed mode windows-amd64 compressed oops)
# Failed to write core dump. Minidumps are not enabled by default on client versions of Windows
#

---------------  T H R E A D  ---------------

Current thread (0x0000000003020800):  JavaThread "Unknown thread" [_thread_in_vm, id=12896, stack(0x0000000002e60000,0x0000000002f60000)]

Stack: [0x0000000002e60000,0x0000000002f60000]
[error occurred during error reporting (printing stack bounds), id 0xc0000005]

Native frames: (J=compiled Java code, j=interpreted, Vv=VM code, C=native code)


---------------  P R O C E S S  ---------------

Java Threads: ( => current thread )

Other Threads:

=>0x0000000003020800 (exited) JavaThread "Unknown thread" [_thread_in_vm, id=12896, stack(0x0000000002e60000,0x0000000002f60000)]

VM state:not at safepoint (normal execution)

VM Mutex/Monitor currently owned by a thread: None

Heap:
 PSYoungGen      total 18944K, used 327K [0x00000000eb180000, 0x00000000ec680000, 0x0000000100000000)
  eden space 16384K, 2% used [0x00000000eb180000,0x00000000eb1d1ec8,0x00000000ec180000)
  from space 2560K, 0% used [0x00000000ec400000,0x00000000ec400000,0x00000000ec680000)
  to   space 2560K, 0% used [0x00000000ec180000,0x00000000ec180000,0x00000000ec400000)
 ParOldGen       total 44032K, used 0K [0x00000000c1400000, 0x00000000c3f00000, 0x00000000eb180000)
  object space 44032K, 0% used [0x00000000c1400000,0x00000000c1400000,0x00000000c3f00000)
 Metaspace       used 770K, capacity 4480K, committed 4480K, reserved 1056768K
  class space    used 75K, capacity 384K, committed 384K, reserved 1048576K

Card table byte_map: [0x00000000124e0000,0x00000000126e0000] byte_map_base: 0x0000000011ed6000

Marking Bits: (ParMarkBitMap*) 0x0000000074fea6c0
 Begin Bits: [0x0000000012c30000, 0x0000000013be0000)
 End Bits:   [0x0000000013be0000, 0x0000000014b90000)

Polling page: 0x0000000001210000

CodeCache: size=245760Kb used=328Kb max_used=328Kb free=245431Kb
 bounds [0x0000000003120000, 0x0000000003390000, 0x0000000012120000]
 total_blobs=58 nmethods=0 adapters=38
 compilation: enabled

Compilation events (0 events):
No events

GC Heap History (0 events):
No events

Deoptimization events (0 events):
No events

Internal exceptions (0 events):
No events

Events (10 events):
Event: 0.036 loading class java/lang/Short
Event: 0.036 loading class java/lang/Short done
Event: 0.036 loading class java/lang/Integer
Event: 0.037 loading class java/lang/Integer done
Event: 0.037 loading class java/lang/Long
Event: 0.037 loading class java/lang/Long done
Event: 0.038 loading class java/lang/NullPointerException
Event: 0.038 loading class java/lang/NullPointerException done
Event: 0.038 loading class java/lang/ArithmeticException
Event: 0.038 loading class java/lang/ArithmeticException done


Dynamic libraries:
0x00007ff612730000 - 0x00007ff612767000 	C:\Program Files\Java\jdk1.8.0_111\bin\java.exe
0x00007ffb1d770000 - 0x00007ffb1d968000 	C:\WINDOWS\SYSTEM32\ntdll.dll
0x00007ffb1c500000 - 0x00007ffb1c5bf000 	C:\WINDOWS\System32\KERNEL32.DLL
0x00007ffb1b360000 - 0x00007ffb1b632000 	C:\WINDOWS\System32\KERNELBASE.dll
0x00007ffb1caa0000 - 0x00007ffb1cb4e000 	C:\WINDOWS\System32\ADVAPI32.dll
0x00007ffb1cb50000 - 0x00007ffb1cbee000 	C:\WINDOWS\System32\msvcrt.dll
0x00007ffb1bfb0000 - 0x00007ffb1c04c000 	C:\WINDOWS\System32\sechost.dll
0x00007ffb1d600000 - 0x00007ffb1d724000 	C:\WINDOWS\System32\RPCRT4.dll
0x00007ffb1d1e0000 - 0x00007ffb1d381000 	C:\WINDOWS\System32\USER32.dll
0x00007ffb1b0d0000 - 0x00007ffb1b0f2000 	C:\WINDOWS\System32\win32u.dll
0x00007ffb1d390000 - 0x00007ffb1d3bb000 	C:\WINDOWS\System32\GDI32.dll
0x00007ffb1b640000 - 0x00007ffb1b74f000 	C:\WINDOWS\System32\gdi32full.dll
0x00007ffb1ae70000 - 0x00007ffb1af0d000 	C:\WINDOWS\System32\msvcp_win.dll
0x00007ffb1af10000 - 0x00007ffb1b010000 	C:\WINDOWS\System32\ucrtbase.dll
0x00007ffb0af30000 - 0x00007ffb0b1ca000 	C:\WINDOWS\WinSxS\amd64_microsoft.windows.common-controls_6595b64144ccf1df_6.0.19041.1110_none_60b5254171f9507e\COMCTL32.dll
0x00007ffb1bf20000 - 0x00007ffb1bf50000 	C:\WINDOWS\System32\IMM32.DLL
0x00000000746f0000 - 0x00000000747c2000 	C:\Program Files\Java\jdk1.8.0_111\jre\bin\msvcr100.dll
0x00000000747d0000 - 0x000000007506a000 	C:\Program Files\Java\jdk1.8.0_111\jre\bin\server\jvm.dll
0x00007ffb1d540000 - 0x00007ffb1d548000 	C:\WINDOWS\System32\PSAPI.DLL
0x00007ffb0d670000 - 0x00007ffb0d697000 	C:\WINDOWS\SYSTEM32\WINMM.dll
0x00007ffb10dd0000 - 0x00007ffb10dda000 	C:\WINDOWS\SYSTEM32\VERSION.dll
0x00007ffb15060000 - 0x00007ffb15069000 	C:\WINDOWS\SYSTEM32\WSOCK32.dll
0x00007ffb1d4d0000 - 0x00007ffb1d53b000 	C:\WINDOWS\System32\WS2_32.dll
0x0000000075930000 - 0x000000007593f000 	C:\Program Files\Java\jdk1.8.0_111\jre\bin\verify.dll
0x00000000746c0000 - 0x00000000746e9000 	C:\Program Files\Java\jdk1.8.0_111\jre\bin\java.dll
0x00000000746a0000 - 0x00000000746b6000 	C:\Program Files\Java\jdk1.8.0_111\jre\bin\zip.dll

VM Arguments:
jvm_args: -Dfile.encoding=UTF-8 
java_command: ejercicioextra9.EjercicioExtra9
java_class_path (initial): C:\Users\johan\Desktop\Curso de PROGRAMACION DESDE CERO\Java\Encuentro 4 Ejercicios Guia if_else_switch\EjercicioExtra9\build\classes
Launcher Type: SUN_STANDARD

Environment Variables:
PATH=C:\ProgramData\Oracle\Java\javapath;C:\WINDOWS\system32;C:\WINDOWS;C:\WINDOWS\System32\Wbem;C:\WINDOWS\System32\WindowsPowerShell\v1.0\;C:\WINDOWS\System32\OpenSSH\;C:\Program Files\Git\cmd;C:\Users\johan\AppData\Local\Microsoft\WindowsApps;;C:\Users\johan\AppData\Local\Programs\Microsoft VS Code\bin
USERNAME=johan
OS=Windows_NT
PROCESSOR_IDENTIFIER=Intel64 Family 6 Model 69 Stepping 1, GenuineIntel



---------------  S Y S T E M  ---------------

OS: Windows 10.0 , 64 bit Build 19041 (10.0.19041.2546)

CPU:total 4 (2 cores per cpu, 2 threads per core) family 6 model 69 stepping 1, cmov, cx8, fxsr, mmx, sse, sse2, sse3, ssse3, sse4.1, sse4.2, popcnt, avx, avx2, aes, clmul, erms, lzcnt, ht, tsc, tscinvbit, bmi1, bmi2

Memory: 4k page, physical 4111000k(352716k free), swap 16693912k(6096k free)

vm_info: Java HotSpot(TM) 64-Bit Server VM (25.111-b14) for windows-amd64 JRE (1.8.0_111-b14), built on Sep 22 2016 19:24:05 by "java_re" with MS VC++ 10.0 (VS2010)

time: Mon Apr 03 20:48:38 2023
elapsed time: 0 seconds (0d 0h 0m 0s)

